#
# A fatal error has been detected by the Java Runtime Environment:
#
#  SIGSEGV (0xb) at pc=0x00007f3f3ee099ee, pid=3702, tid=139909330466560
#
# JRE version: Java(TM) SE Runtime Environment (7.0_55-b13) (build 1.7.0_55-b13)
# Java VM: Java HotSpot(TM) 64-Bit Server VM (24.55-b03 mixed mode linux-amd64 compressed oops)
# Problematic frame:
# V  [libjvm.so+0x69e9ee]  JNIHandles::checked_resolve_jmethod_id(_jmethodID*)+0xe
#
# Failed to write core dump. Core dumps have been disabled. To enable core dumping, try "ulimit -c unlimited" before starting Java again
#
# If you would like to submit a bug report, please visit:
#   http://bugreport.sun.com/bugreport/crash.jsp
#

---------------  T H R E A D  ---------------

Current thread (0x00007f3f380a7000):  JavaThread "JDWP Transport Listener: dt_socket" daemon [_thread_in_vm, id=3716, stack(0x00007f3f2de17000,0x00007f3f2df18000)]

siginfo:si_signo=SIGSEGV: si_errno=0, si_code=1 (SEGV_MAPERR), si_addr=0x0000000000000020

Registers:
RAX=0x0000000000000001, RBX=0x00007f3f38003e20, RCX=0x00007f3f3ffc42c0, RDX=0x00007f3f3f5a7000
RSP=0x00007f3f2df168e0, RBP=0x00007f3f2df168f0, RSI=0x00007f3f380a7000, RDI=0x0000000000000020
R8 =0x0000000000000000, R9 =0x0000000000000000, R10=0x0000000000000010, R11=0x00007f3f3f755610
R12=0x0000000000000017, R13=0x0000000000000020, R14=0x00007f3f380a7000, R15=0x00007f3f2df169f7
RIP=0x00007f3f3ee099ee, EFLAGS=0x0000000000010202, CSGSFS=0x0000000000000033, ERR=0x0000000000000004
  TRAPNO=0x000000000000000e

Top of Stack: (sp=0x00007f3f2df168e0)
0x00007f3f2df168e0:   0000000000000074 00007f3f38003e20
0x00007f3f2df168f0:   00007f3f2df16960 00007f3f3edfae1e
0x00007f3f2df16900:   0000000000000073 00007f3f2df16910
0x00007f3f2df16910:   00007f3f380a7000 0000000000000000
0x00007f3f2df16920:   00007f3f00000000 0000000000000000
0x00007f3f2df16930:   00007f3f2df16950 00007f3f3de2d120
0x00007f3f2df16940:   0000000000000020 00007f3f2df169f7
0x00007f3f2df16950:   0000000000000002 00007f3f2df169f7
0x00007f3f2df16960:   00007f3f2df16990 00007f3f3dc183f2
0x00007f3f2df16970:   00007f3f2df16990 0000000000000020
0x00007f3f2df16980:   00007f3f2df16a60 0000000000000010
0x00007f3f2df16990:   00007f3f2df16a20 00007f3f3dbf99d0
0x00007f3f2df169a0:   00007f3f2df169d8 00007f3f2df169d0
0x00007f3f2df169b0:   00007f3f2df169c8 00007f3f2df169ec
0x00007f3f2df169c0:   00000001dc0035d0 0000000000000000
0x00007f3f2df169d0:   0000000000000000 0000000000000000
0x00007f3f2df169e0:   00007f3edc012bd0 000000092df16a60
0x00007f3f2df169f0:   0000000000000003 0000000000000002
0x00007f3f2df16a00:   000000000000000f 0000000000000002
0x00007f3f2df16a10:   00000000000f0200 000000000000000f
0x00007f3f2df16a20:   00007f3f2df16c70 00007f3f3dc048e6
0x00007f3f2df16a30:   0000051500000013 00007f3f3e0f0200
0x00007f3f2df16a40:   00007f3ed4000fb0 00007f3f380a7000
0x00007f3f2df16a50:   00007f3f2df16a60 00007f3f2df16bf0
0x00007f3f2df16a60:   00007f3f2df16b27 00007f3f000000b5
0x00007f3f2df16a70:   00007f3f2df16a78 0000000000000077
0x00007f3f2df16a80:   00007f3f2df16ab0 0000000000000000
0x00007f3f2df16a90:   0000000000000000 000005150000000f
0x00007f3f2df16aa0:   00007f3f00006b80 00007f3f2df16ab0
0x00007f3f2df16ab0:   3e7f000003000000 13000000904d00dc
0x00007f3f2df16ac0:   7942776152746567 466d6f7246736574
0x00007f3f2df16ad0:   2816000000656c69 616c2f6176616a4c 

Instructions: (pc=0x00007f3f3ee099ee)
0x00007f3f3ee099ce:   20 00 e9 52 ff ff ff 90 90 90 90 90 90 90 90 90
0x00007f3f3ee099de:   90 90 55 48 89 e5 53 48 83 ec 08 48 85 ff 74 3c
0x00007f3f3ee099ee:   48 8b 1f 48 85 db 74 34 48 b8 fe fe fe fe fe fe
0x00007f3f3ee099fe:   fe fe 48 39 c3 74 25 48 8b 05 5c 9d 75 00 80 38 

Register to memory mapping:

RAX=0x0000000000000001 is an unknown value
RBX=0x00007f3f38003e20 is an unknown value
RCX=0x00007f3f3ffc42c0: <offset 0x2182c0> in /lib/x86_64-linux-gnu/libpthread.so.0 at 0x00007f3f3fdac000
RDX=0x00007f3f3f5a7000: <offset 0xe3c000> in /usr/lib/jvm/java-7-oracle/jre/lib/amd64/server/libjvm.so at 0x00007f3f3e76b000
RSP=0x00007f3f2df168e0 is pointing into the stack for thread: 0x00007f3f380a7000
RBP=0x00007f3f2df168f0 is pointing into the stack for thread: 0x00007f3f380a7000
RSI=0x00007f3f380a7000 is a thread
RDI=0x0000000000000020 is an unknown value
R8 =0x0000000000000000 is an unknown value
R9 =0x0000000000000000 is an unknown value
R10=0x0000000000000010 is an unknown value
R11=0x00007f3f3f755610: <offset 0x184610> in /lib/x86_64-linux-gnu/libc.so.6 at 0x00007f3f3f5d1000
R12=0x0000000000000017 is an unknown value
R13=0x0000000000000020 is an unknown value
R14=0x00007f3f380a7000 is a thread
R15=0x00007f3f2df169f7 is pointing into the stack for thread: 0x00007f3f380a7000


Stack: [0x00007f3f2de17000,0x00007f3f2df18000],  sp=0x00007f3f2df168e0,  free space=1022k
Native frames: (J=compiled Java code, j=interpreted, Vv=VM code, C=native code)
V  [libjvm.so+0x69e9ee]  JNIHandles::checked_resolve_jmethod_id(_jmethodID*)+0xe
V  [libjvm.so+0x68fe1e]  jvmti_IsMethodSynthetic+0x23e
C  [libjdwp.so+0x253f2]  isMethodSynthetic+0x42
C  [libjdwp.so+0x69d0]  methods1+0x1b0
C  [libjdwp.so+0x118e6]  debugLoop_run+0x2b6
C  [libjdwp.so+0x2432f]  attachThread+0x2f
V  [libjvm.so+0x6f45f7]  JvmtiAgentThread::call_start_function()+0x97
V  [libjvm.so+0x94d70f]  JavaThread::thread_main_inner()+0xdf
V  [libjvm.so+0x94d815]  JavaThread::run()+0xf5
V  [libjvm.so+0x815668]  java_start(Thread*)+0x108


---------------  P R O C E S S  ---------------

Java Threads: ( => current thread )
  0x00007f3f38187000 JavaThread "AWT-XAWT" daemon [_thread_blocked, id=3726, stack(0x00007f3f279ee000,0x00007f3f27aef000)]
  0x00007f3f38162000 JavaThread "Java2D Disposer" daemon [_thread_blocked, id=3725, stack(0x00007f3f27eff000,0x00007f3f28000000)]
  0x00007f3f380b2800 JavaThread "Service Thread" daemon [_thread_blocked, id=3723, stack(0x00007f3f2d912000,0x00007f3f2da13000)]
  0x00007f3f380b0000 JavaThread "C2 CompilerThread1" daemon [_thread_blocked, id=3722, stack(0x00007f3f2da13000,0x00007f3f2db14000)]
  0x00007f3f380ad000 JavaThread "C2 CompilerThread0" daemon [_thread_blocked, id=3721, stack(0x00007f3f2db14000,0x00007f3f2dc15000)]
  0x00007f3edc001000 JavaThread "JDWP Command Reader" daemon [_thread_in_native, id=3719, stack(0x00007f3f2dc15000,0x00007f3f2dd16000)]
  0x00007f3f380ab000 JavaThread "JDWP Event Helper Thread" daemon [_thread_blocked, id=3717, stack(0x00007f3f2dd16000,0x00007f3f2de17000)]
=>0x00007f3f380a7000 JavaThread "JDWP Transport Listener: dt_socket" daemon [_thread_in_vm, id=3716, stack(0x00007f3f2de17000,0x00007f3f2df18000)]
  0x00007f3f38092000 JavaThread "Signal Dispatcher" daemon [_thread_blocked, id=3715, stack(0x00007f3f2e11c000,0x00007f3f2e21d000)]
  0x00007f3f3807c800 JavaThread "Finalizer" daemon [_thread_blocked, id=3714, stack(0x00007f3f2e21d000,0x00007f3f2e31e000)]
  0x00007f3f38078000 JavaThread "Reference Handler" daemon [_thread_blocked, id=3713, stack(0x00007f3f2e31e000,0x00007f3f2e41f000)]
  0x00007f3f3800d800 JavaThread "main" [_thread_blocked, id=3703, stack(0x00007f3f400c8000,0x00007f3f401c9000)]

Other Threads:
  0x00007f3f38076000 VMThread [stack: 0x00007f3f2e41f000,0x00007f3f2e520000] [id=3712]
  0x00007f3f380bd000 WatcherThread [stack: 0x00007f3f2d811000,0x00007f3f2d912000] [id=3724]

VM state:not at safepoint (normal execution)

VM Mutex/Monitor currently owned by a thread: None

Heap
 PSYoungGen      total 37376K, used 2580K [0x00000007d6a80000, 0x00000007d9400000, 0x0000000800000000)
  eden space 32256K, 8% used [0x00000007d6a80000,0x00000007d6d052d8,0x00000007d8a00000)
  from space 5120K, 0% used [0x00000007d8f00000,0x00000007d8f00000,0x00000007d9400000)
  to   space 5120K, 0% used [0x00000007d8a00000,0x00000007d8a00000,0x00000007d8f00000)
 ParOldGen       total 84480K, used 0K [0x0000000784000000, 0x0000000789280000, 0x00000007d6a80000)
  object space 84480K, 0% used [0x0000000784000000,0x0000000784000000,0x0000000789280000)
 PSPermGen       total 21504K, used 4514K [0x000000077ee00000, 0x0000000780300000, 0x0000000784000000)
  object space 21504K, 20% used [0x000000077ee00000,0x000000077f268b28,0x0000000780300000)

Card table byte_map: [0x00007f3f3c379000,0x00007f3f3c783000] byte_map_base: 0x00007f3f38782000

Polling page: 0x00007f3f401e8000

Code Cache  [0x00007f3f35000000, 0x00007f3f35270000, 0x00007f3f38000000)
 total_blobs=322 nmethods=2 adapters=282 free_code_cache=48691Kb largest_free_block=49859456

Compilation events (4 events):
Event: 0,054 Thread 0x00007f3f380ad000    1             java.lang.String::indexOf (70 bytes)
Event: 0,058 Thread 0x00007f3f380ad000 nmethod 1 0x00007f3f3505fe90 code [0x00007f3f3505ffe0, 0x00007f3f350601c8]
Event: 0,952 Thread 0x00007f3f380b0000    2             java.lang.String::hashCode (55 bytes)
Event: 0,954 Thread 0x00007f3f380b0000 nmethod 2 0x00007f3f350611d0 code [0x00007f3f35061320, 0x00007f3f350614b8]

GC Heap History (0 events):
No events

Deoptimization events (0 events):
No events

Internal exceptions (4 events):
Event: 0,014 Thread 0x00007f3f3800d800 Threw 0x00000007d6a902e0 at /HUDSON/workspace/7u-2-build-linux-amd64/jdk7u55/869/hotspot/src/share/vm/prims/jni.cpp:3991
Event: 0,046 Thread 0x00007f3f3800d800 Threw 0x00000007d6ad0fe0 at /HUDSON/workspace/7u-2-build-linux-amd64/jdk7u55/869/hotspot/src/share/vm/prims/jvm.cpp:1244
Event: 0,948 Thread 0x00007f3f3800d800 Threw 0x00000007d6aefa20 at /HUDSON/workspace/7u-2-build-linux-amd64/jdk7u55/869/hotspot/src/share/vm/prims/jni.cpp:717
Event: 0,949 Thread 0x00007f3f3800d800 Threw 0x00000007d6af0320 at /HUDSON/workspace/7u-2-build-linux-amd64/jdk7u55/869/hotspot/src/share/vm/prims/jni.cpp:717

Events (10 events):
Event: 4,050 Executing VM operation: EnableBiasedLocking
Event: 4,050 Executing VM operation: EnableBiasedLocking done
Event: 53,440 Executing VM operation: ChangeBreakpoints
Event: 53,440 Executing VM operation: ChangeBreakpoints done
Event: 109,898 Executing VM operation: ChangeBreakpoints
Event: 109,898 Executing VM operation: ChangeBreakpoints done
Event: 114,781 Executing VM operation: ChangeBreakpoints
Event: 114,781 Executing VM operation: ChangeBreakpoints done
Event: 114,784 Executing VM operation: RedefineClasses
Event: 114,784 Executing VM operation: RedefineClasses done


Dynamic libraries:
00400000-00401000 r-xp 00000000 08:04 414050                             /usr/lib/jvm/java-7-oracle/bin/java
00600000-00601000 rw-p 00000000 08:04 414050                             /usr/lib/jvm/java-7-oracle/bin/java
01a86000-01aa7000 rw-p 00000000 00:00 0                                  [heap]
77ee00000-780300000 rw-p 00000000 00:00 0 
780300000-784000000 rw-p 00000000 00:00 0 
784000000-789280000 rw-p 00000000 00:00 0 
789280000-7d6a80000 rw-p 00000000 00:00 0 
7d6a80000-7d9400000 rw-p 00000000 00:00 0 
7d9400000-800000000 rw-p 00000000 00:00 0 
7f3ebc000000-7f3ebc021000 rw-p 00000000 00:00 0 
7f3ebc021000-7f3ec0000000 ---p 00000000 00:00 0 
7f3ec4000000-7f3ec4021000 rw-p 00000000 00:00 0 
7f3ec4021000-7f3ec8000000 ---p 00000000 00:00 0 
7f3ec8000000-7f3ec8021000 rw-p 00000000 00:00 0 
7f3ec8021000-7f3ecc000000 ---p 00000000 00:00 0 
7f3ecc000000-7f3ecc021000 rw-p 00000000 00:00 0 
7f3ecc021000-7f3ed0000000 ---p 00000000 00:00 0 
7f3ed0000000-7f3ed0021000 rw-p 00000000 00:00 0 
7f3ed0021000-7f3ed4000000 ---p 00000000 00:00 0 
7f3ed4000000-7f3ed4021000 rw-p 00000000 00:00 0 
7f3ed4021000-7f3ed8000000 ---p 00000000 00:00 0 
7f3ed8000000-7f3ed807e000 rw-p 00000000 00:00 0 
7f3ed807e000-7f3edc000000 ---p 00000000 00:00 0 
7f3edc000000-7f3edc021000 rw-p 00000000 00:00 0 
7f3edc021000-7f3ee0000000 ---p 00000000 00:00 0 
7f3ee0000000-7f3ee0021000 rw-p 00000000 00:00 0 
7f3ee0021000-7f3ee4000000 ---p 00000000 00:00 0 
7f3ee4000000-7f3ee4021000 rw-p 00000000 00:00 0 
7f3ee4021000-7f3ee8000000 ---p 00000000 00:00 0 
7f3ee8000000-7f3ee8021000 rw-p 00000000 00:00 0 
7f3ee8021000-7f3eec000000 ---p 00000000 00:00 0 
7f3eec000000-7f3eec021000 rw-p 00000000 00:00 0 
7f3eec021000-7f3ef0000000 ---p 00000000 00:00 0 
7f3ef3f70000-7f3ef8000000 rw-p 00000000 00:00 0 
7f3ef8000000-7f3ef8021000 rw-p 00000000 00:00 0 
7f3ef8021000-7f3efc000000 ---p 00000000 00:00 0 
7f3efc000000-7f3efc021000 rw-p 00000000 00:00 0 
7f3efc021000-7f3f00000000 ---p 00000000 00:00 0 
7f3f00000000-7f3f00021000 rw-p 00000000 00:00 0 
7f3f00021000-7f3f04000000 ---p 00000000 00:00 0 
7f3f08000000-7f3f08021000 rw-p 00000000 00:00 0 
7f3f08021000-7f3f0c000000 ---p 00000000 00:00 0 
7f3f10000000-7f3f10021000 rw-p 00000000 00:00 0 
7f3f10021000-7f3f14000000 ---p 00000000 00:00 0 
7f3f18000000-7f3f18021000 rw-p 00000000 00:00 0 
7f3f18021000-7f3f1c000000 ---p 00000000 00:00 0 
7f3f20000000-7f3f20021000 rw-p 00000000 00:00 0 
7f3f20021000-7f3f24000000 ---p 00000000 00:00 0 
7f3f277a9000-7f3f279ee000 rw-p 00000000 00:00 0 
7f3f279ee000-7f3f279f1000 ---p 00000000 00:00 0 
7f3f279f1000-7f3f27aef000 rw-p 00000000 00:00 0                          [stack:3726]
7f3f27aef000-7f3f27af4000 r-xp 00000000 08:04 9308                       /usr/lib/x86_64-linux-gnu/libXfixes.so.3.1.0
7f3f27af4000-7f3f27cf3000 ---p 00005000 08:04 9308                       /usr/lib/x86_64-linux-gnu/libXfixes.so.3.1.0
7f3f27cf3000-7f3f27cf4000 r--p 00004000 08:04 9308                       /usr/lib/x86_64-linux-gnu/libXfixes.so.3.1.0
7f3f27cf4000-7f3f27cf5000 rw-p 00005000 08:04 9308                       /usr/lib/x86_64-linux-gnu/libXfixes.so.3.1.0
7f3f27cf5000-7f3f27cfe000 r-xp 00000000 08:04 9300                       /usr/lib/x86_64-linux-gnu/libXcursor.so.1.0.2
7f3f27cfe000-7f3f27efd000 ---p 00009000 08:04 9300                       /usr/lib/x86_64-linux-gnu/libXcursor.so.1.0.2
7f3f27efd000-7f3f27efe000 r--p 00008000 08:04 9300                       /usr/lib/x86_64-linux-gnu/libXcursor.so.1.0.2
7f3f27efe000-7f3f27eff000 rw-p 00009000 08:04 9300                       /usr/lib/x86_64-linux-gnu/libXcursor.so.1.0.2
7f3f27eff000-7f3f27f02000 ---p 00000000 00:00 0 
7f3f27f02000-7f3f28000000 rw-p 00000000 00:00 0                          [stack:3725]
7f3f28000000-7f3f28021000 rw-p 00000000 00:00 0 
7f3f28021000-7f3f2c000000 ---p 00000000 00:00 0 
7f3f2c096000-7f3f2c09b000 r-xp 00000000 08:04 9304                       /usr/lib/x86_64-linux-gnu/libXdmcp.so.6.0.0
7f3f2c09b000-7f3f2c29a000 ---p 00005000 08:04 9304                       /usr/lib/x86_64-linux-gnu/libXdmcp.so.6.0.0
7f3f2c29a000-7f3f2c29b000 r--p 00004000 08:04 9304                       /usr/lib/x86_64-linux-gnu/libXdmcp.so.6.0.0
7f3f2c29b000-7f3f2c29c000 rw-p 00005000 08:04 9304                       /usr/lib/x86_64-linux-gnu/libXdmcp.so.6.0.0
7f3f2c29c000-7f3f2c29e000 r-xp 00000000 08:04 9293                       /usr/lib/x86_64-linux-gnu/libXau.so.6.0.0
7f3f2c29e000-7f3f2c49d000 ---p 00002000 08:04 9293                       /usr/lib/x86_64-linux-gnu/libXau.so.6.0.0
7f3f2c49d000-7f3f2c49e000 r--p 00001000 08:04 9293                       /usr/lib/x86_64-linux-gnu/libXau.so.6.0.0
7f3f2c49e000-7f3f2c49f000 rw-p 00002000 08:04 9293                       /usr/lib/x86_64-linux-gnu/libXau.so.6.0.0
7f3f2c49f000-7f3f2c4bc000 r-xp 00000000 08:04 9912                       /usr/lib/x86_64-linux-gnu/libxcb.so.1.1.0
7f3f2c4bc000-7f3f2c6bb000 ---p 0001d000 08:04 9912                       /usr/lib/x86_64-linux-gnu/libxcb.so.1.1.0
7f3f2c6bb000-7f3f2c6bc000 r--p 0001c000 08:04 9912                       /usr/lib/x86_64-linux-gnu/libxcb.so.1.1.0
7f3f2c6bc000-7f3f2c6bd000 rw-p 0001d000 08:04 9912                       /usr/lib/x86_64-linux-gnu/libxcb.so.1.1.0
7f3f2c6bd000-7f3f2c6cc000 r-xp 00000000 08:04 9312                       /usr/lib/x86_64-linux-gnu/libXi.so.6.1.0
7f3f2c6cc000-7f3f2c8cb000 ---p 0000f000 08:04 9312                       /usr/lib/x86_64-linux-gnu/libXi.so.6.1.0
7f3f2c8cb000-7f3f2c8cc000 r--p 0000e000 08:04 9312                       /usr/lib/x86_64-linux-gnu/libXi.so.6.1.0
7f3f2c8cc000-7f3f2c8cd000 rw-p 0000f000 08:04 9312                       /usr/lib/x86_64-linux-gnu/libXi.so.6.1.0
7f3f2c8cd000-7f3f2c8d2000 r-xp 00000000 08:04 9332                       /usr/lib/x86_64-linux-gnu/libXtst.so.6.1.0
7f3f2c8d2000-7f3f2cad1000 ---p 00005000 08:04 9332                       /usr/lib/x86_64-linux-gnu/libXtst.so.6.1.0
7f3f2cad1000-7f3f2cad2000 r--p 00004000 08:04 9332                       /usr/lib/x86_64-linux-gnu/libXtst.so.6.1.0
7f3f2cad2000-7f3f2cad3000 rw-p 00005000 08:04 9332                       /usr/lib/x86_64-linux-gnu/libXtst.so.6.1.0
7f3f2cad3000-7f3f2cadc000 r-xp 00000000 08:04 9328                       /usr/lib/x86_64-linux-gnu/libXrender.so.1.3.0
7f3f2cadc000-7f3f2ccdb000 ---p 00009000 08:04 9328                       /usr/lib/x86_64-linux-gnu/libXrender.so.1.3.0
7f3f2ccdb000-7f3f2ccdc000 r--p 00008000 08:04 9328                       /usr/lib/x86_64-linux-gnu/libXrender.so.1.3.0
7f3f2ccdc000-7f3f2ccdd000 rw-p 00009000 08:04 9328                       /usr/lib/x86_64-linux-gnu/libXrender.so.1.3.0
7f3f2ccdd000-7f3f2ce0d000 r-xp 00000000 08:04 9291                       /usr/lib/x86_64-linux-gnu/libX11.so.6.3.0
7f3f2ce0d000-7f3f2d00d000 ---p 00130000 08:04 9291                       /usr/lib/x86_64-linux-gnu/libX11.so.6.3.0
7f3f2d00d000-7f3f2d00e000 r--p 00130000 08:04 9291                       /usr/lib/x86_64-linux-gnu/libX11.so.6.3.0
7f3f2d00e000-7f3f2d012000 rw-p 00131000 08:04 9291                       /usr/lib/x86_64-linux-gnu/libX11.so.6.3.0
7f3f2d012000-7f3f2d022000 r-xp 00000000 08:04 9306                       /usr/lib/x86_64-linux-gnu/libXext.so.6.4.0
7f3f2d022000-7f3f2d221000 ---p 00010000 08:04 9306                       /usr/lib/x86_64-linux-gnu/libXext.so.6.4.0
7f3f2d221000-7f3f2d222000 r--p 0000f000 08:04 9306                       /usr/lib/x86_64-linux-gnu/libXext.so.6.4.0
7f3f2d222000-7f3f2d223000 rw-p 00010000 08:04 9306                       /usr/lib/x86_64-linux-gnu/libXext.so.6.4.0
7f3f2d23f000-7f3f2d28f000 r-xp 00000000 08:04 448699                     /usr/lib/jvm/java-7-oracle/jre/lib/amd64/xawt/libmawt.so
7f3f2d28f000-7f3f2d48f000 ---p 00050000 08:04 448699                     /usr/lib/jvm/java-7-oracle/jre/lib/amd64/xawt/libmawt.so
7f3f2d48f000-7f3f2d493000 rw-p 00050000 08:04 448699                     /usr/lib/jvm/java-7-oracle/jre/lib/amd64/xawt/libmawt.so
7f3f2d493000-7f3f2d494000 rw-p 00000000 00:00 0 
7f3f2d494000-7f3f2d536000 r-xp 00000000 08:04 448690                     /usr/lib/jvm/java-7-oracle/jre/lib/amd64/libawt.so
7f3f2d536000-7f3f2d736000 ---p 000a2000 08:04 448690                     /usr/lib/jvm/java-7-oracle/jre/lib/amd64/libawt.so
7f3f2d736000-7f3f2d742000 rw-p 000a2000 08:04 448690                     /usr/lib/jvm/java-7-oracle/jre/lib/amd64/libawt.so
7f3f2d742000-7f3f2d766000 rw-p 00000000 00:00 0 
7f3f2d766000-7f3f2d76f000 r--s 00067000 08:04 448670                     /usr/lib/jvm/java-7-oracle/jre/lib/javaws.jar
7f3f2d76f000-7f3f2d782000 r--s 000d4000 08:04 448639                     /usr/lib/jvm/java-7-oracle/jre/lib/plugin.jar
7f3f2d782000-7f3f2d811000 r--s 00de4000 08:04 448503                     /usr/lib/jvm/java-7-oracle/jre/lib/jfxrt.jar
7f3f2d811000-7f3f2d812000 ---p 00000000 00:00 0 
7f3f2d812000-7f3f2d912000 rw-p 00000000 00:00 0                          [stack:3724]
7f3f2d912000-7f3f2d915000 ---p 00000000 00:00 0 
7f3f2d915000-7f3f2da13000 rw-p 00000000 00:00 0                          [stack:3723]
7f3f2da13000-7f3f2da16000 ---p 00000000 00:00 0 
7f3f2da16000-7f3f2db14000 rw-p 00000000 00:00 0                          [stack:3722]
7f3f2db14000-7f3f2db17000 ---p 00000000 00:00 0 
7f3f2db17000-7f3f2dc15000 rw-p 00000000 00:00 0                          [stack:3721]
7f3f2dc15000-7f3f2dc18000 ---p 00000000 00:00 0 
7f3f2dc18000-7f3f2dd16000 rw-p 00000000 00:00 0                          [stack:3719]
7f3f2dd16000-7f3f2dd19000 ---p 00000000 00:00 0 
7f3f2dd19000-7f3f2de17000 rw-p 00000000 00:00 0                          [stack:3717]
7f3f2de17000-7f3f2de1a000 ---p 00000000 00:00 0 
7f3f2de1a000-7f3f2df18000 rw-p 00000000 00:00 0                          [stack:3716]
7f3f2df18000-7f3f2df1c000 r-xp 00000000 08:04 448729                     /usr/lib/jvm/java-7-oracle/jre/lib/amd64/libdt_socket.so
7f3f2df1c000-7f3f2e11b000 ---p 00004000 08:04 448729                     /usr/lib/jvm/java-7-oracle/jre/lib/amd64/libdt_socket.so
7f3f2e11b000-7f3f2e11c000 rw-p 00003000 08:04 448729                     /usr/lib/jvm/java-7-oracle/jre/lib/amd64/libdt_socket.so
7f3f2e11c000-7f3f2e11f000 ---p 00000000 00:00 0 
7f3f2e11f000-7f3f2e21d000 rw-p 00000000 00:00 0                          [stack:3715]
7f3f2e21d000-7f3f2e220000 ---p 00000000 00:00 0 
7f3f2e220000-7f3f2e31e000 rw-p 00000000 00:00 0                          [stack:3714]
7f3f2e31e000-7f3f2e321000 ---p 00000000 00:00 0 
7f3f2e321000-7f3f2e41f000 rw-p 00000000 00:00 0                          [stack:3713]
7f3f2e41f000-7f3f2e420000 ---p 00000000 00:00 0 
7f3f2e420000-7f3f30000000 rw-p 00000000 00:00 0                          [stack:3712]
7f3f30000000-7f3f30021000 rw-p 00000000 00:00 0 
7f3f30021000-7f3f34000000 ---p 00000000 00:00 0 
7f3f34001000-7f3f3400c000 r--s 0037c000 08:04 448653                     /usr/lib/jvm/java-7-oracle/jre/lib/charsets.jar
7f3f3400c000-7f3f341bb000 rw-p 00000000 00:00 0 
7f3f341bb000-7f3f34379000 r--s 039d0000 08:04 448643                     /usr/lib/jvm/java-7-oracle/jre/lib/rt.jar
7f3f34379000-7f3f347f8000 rw-p 00000000 00:00 0 
7f3f347f8000-7f3f347f9000 ---p 00000000 00:00 0 
7f3f347f9000-7f3f348f9000 rw-p 00000000 00:00 0                          [stack:3711]
7f3f348f9000-7f3f348fa000 ---p 00000000 00:00 0 
7f3f348fa000-7f3f349fa000 rw-p 00000000 00:00 0                          [stack:3710]
7f3f349fa000-7f3f349fb000 ---p 00000000 00:00 0 
7f3f349fb000-7f3f34afb000 rw-p 00000000 00:00 0                          [stack:3709]
7f3f34afb000-7f3f34afc000 ---p 00000000 00:00 0 
7f3f34afc000-7f3f34bfc000 rw-p 00000000 00:00 0                          [stack:3708]
7f3f34bfc000-7f3f34bfd000 ---p 00000000 00:00 0 
7f3f34bfd000-7f3f34cfd000 rw-p 00000000 00:00 0                          [stack:3707]
7f3f34cfd000-7f3f34cfe000 ---p 00000000 00:00 0 
7f3f34cfe000-7f3f34dfe000 rw-p 00000000 00:00 0                          [stack:3706]
7f3f34dfe000-7f3f34dff000 ---p 00000000 00:00 0 
7f3f34dff000-7f3f34eff000 rw-p 00000000 00:00 0                          [stack:3705]
7f3f34eff000-7f3f34f00000 ---p 00000000 00:00 0 
7f3f34f00000-7f3f35000000 rw-p 00000000 00:00 0                          [stack:3704]
7f3f35000000-7f3f35270000 rwxp 00000000 00:00 0 
7f3f35270000-7f3f38189000 rw-p 00000000 00:00 0 
7f3f38189000-7f3f3c000000 ---p 00000000 00:00 0 
7f3f3c005000-7f3f3c007000 rw-p 00000000 00:00 0 
7f3f3c007000-7f3f3c008000 r--s 00000000 08:04 448669                     /usr/lib/jvm/java-7-oracle/jre/lib/management-agent.jar
7f3f3c008000-7f3f3c00e000 r--s 0007d000 08:04 448652                     /usr/lib/jvm/java-7-oracle/jre/lib/jfr.jar
7f3f3c00e000-7f3f3c0c5000 rw-p 00000000 00:00 0 
7f3f3c0c5000-7f3f3c0e3000 rw-p 00000000 00:00 0 
7f3f3c0e3000-7f3f3c10d000 rw-p 00000000 00:00 0 
7f3f3c10d000-7f3f3c379000 rw-p 00000000 00:00 0 
7f3f3c379000-7f3f3c384000 rw-p 00000000 00:00 0 
7f3f3c384000-7f3f3c3a2000 rw-p 00000000 00:00 0 
7f3f3c3a2000-7f3f3c3cc000 rw-p 00000000 00:00 0 
7f3f3c3cc000-7f3f3c637000 rw-p 00000000 00:00 0 
7f3f3c637000-7f3f3c64c000 rw-p 00000000 00:00 0 
7f3f3c64c000-7f3f3c782000 rw-p 00000000 00:00 0 
7f3f3c782000-7f3f3c783000 rw-p 00000000 00:00 0 
7f3f3c783000-7f3f3c79d000 r-xp 00000000 08:04 448722                     /usr/lib/jvm/java-7-oracle/jre/lib/amd64/libzip.so
7f3f3c79d000-7f3f3c99d000 ---p 0001a000 08:04 448722                     /usr/lib/jvm/java-7-oracle/jre/lib/amd64/libzip.so
7f3f3c99d000-7f3f3c99e000 rw-p 0001a000 08:04 448722                     /usr/lib/jvm/java-7-oracle/jre/lib/amd64/libzip.so
7f3f3c99e000-7f3f3c9aa000 r-xp 00000000 08:04 529660                     /lib/x86_64-linux-gnu/libnss_files-2.15.so
7f3f3c9aa000-7f3f3cba9000 ---p 0000c000 08:04 529660                     /lib/x86_64-linux-gnu/libnss_files-2.15.so
7f3f3cba9000-7f3f3cbaa000 r--p 0000b000 08:04 529660                     /lib/x86_64-linux-gnu/libnss_files-2.15.so
7f3f3cbaa000-7f3f3cbab000 rw-p 0000c000 08:04 529660                     /lib/x86_64-linux-gnu/libnss_files-2.15.so
7f3f3cbab000-7f3f3cbb5000 r-xp 00000000 08:04 529664                     /lib/x86_64-linux-gnu/libnss_nis-2.15.so
7f3f3cbb5000-7f3f3cdb5000 ---p 0000a000 08:04 529664                     /lib/x86_64-linux-gnu/libnss_nis-2.15.so
7f3f3cdb5000-7f3f3cdb6000 r--p 0000a000 08:04 529664                     /lib/x86_64-linux-gnu/libnss_nis-2.15.so
7f3f3cdb6000-7f3f3cdb7000 rw-p 0000b000 08:04 529664                     /lib/x86_64-linux-gnu/libnss_nis-2.15.so
7f3f3cdb7000-7f3f3cdce000 r-xp 00000000 08:04 529654                     /lib/x86_64-linux-gnu/libnsl-2.15.so
7f3f3cdce000-7f3f3cfcd000 ---p 00017000 08:04 529654                     /lib/x86_64-linux-gnu/libnsl-2.15.so
7f3f3cfcd000-7f3f3cfce000 r--p 00016000 08:04 529654                     /lib/x86_64-linux-gnu/libnsl-2.15.so
7f3f3cfce000-7f3f3cfcf000 rw-p 00017000 08:04 529654                     /lib/x86_64-linux-gnu/libnsl-2.15.so
7f3f3cfcf000-7f3f3cfd1000 rw-p 00000000 00:00 0 
7f3f3cfd1000-7f3f3cfd9000 r-xp 00000000 08:04 529656                     /lib/x86_64-linux-gnu/libnss_compat-2.15.so
7f3f3cfd9000-7f3f3d1d8000 ---p 00008000 08:04 529656                     /lib/x86_64-linux-gnu/libnss_compat-2.15.so
7f3f3d1d8000-7f3f3d1d9000 r--p 00007000 08:04 529656                     /lib/x86_64-linux-gnu/libnss_compat-2.15.so
7f3f3d1d9000-7f3f3d1da000 rw-p 00008000 08:04 529656                     /lib/x86_64-linux-gnu/libnss_compat-2.15.so
7f3f3d1da000-7f3f3d9f0000 r--p 00000000 08:04 7174                       /usr/lib/locale/locale-archive
7f3f3d9f0000-7f3f3d9f3000 r-xp 00000000 08:04 448703                     /usr/lib/jvm/java-7-oracle/jre/lib/amd64/libnpt.so
7f3f3d9f3000-7f3f3dbf2000 ---p 00003000 08:04 448703                     /usr/lib/jvm/java-7-oracle/jre/lib/amd64/libnpt.so
7f3f3dbf2000-7f3f3dbf3000 rw-p 00002000 08:04 448703                     /usr/lib/jvm/java-7-oracle/jre/lib/amd64/libnpt.so
7f3f3dbf3000-7f3f3dc2c000 r-xp 00000000 08:04 448718                     /usr/lib/jvm/java-7-oracle/jre/lib/amd64/libjdwp.so
7f3f3dc2c000-7f3f3de2c000 ---p 00039000 08:04 448718                     /usr/lib/jvm/java-7-oracle/jre/lib/amd64/libjdwp.so
7f3f3de2c000-7f3f3de2d000 rw-p 00039000 08:04 448718                     /usr/lib/jvm/java-7-oracle/jre/lib/amd64/libjdwp.so
7f3f3de2d000-7f3f3de2e000 rw-p 00000000 00:00 0 
7f3f3de2e000-7f3f3de57000 r-xp 00000000 08:04 448723                     /usr/lib/jvm/java-7-oracle/jre/lib/amd64/libjava.so
7f3f3de57000-7f3f3e057000 ---p 00029000 08:04 448723                     /usr/lib/jvm/java-7-oracle/jre/lib/amd64/libjava.so
7f3f3e057000-7f3f3e059000 rw-p 00029000 08:04 448723                     /usr/lib/jvm/java-7-oracle/jre/lib/amd64/libjava.so
7f3f3e059000-7f3f3e066000 r-xp 00000000 08:04 448709                     /usr/lib/jvm/java-7-oracle/jre/lib/amd64/libverify.so
7f3f3e066000-7f3f3e265000 ---p 0000d000 08:04 448709                     /usr/lib/jvm/java-7-oracle/jre/lib/amd64/libverify.so
7f3f3e265000-7f3f3e267000 rw-p 0000c000 08:04 448709                     /usr/lib/jvm/java-7-oracle/jre/lib/amd64/libverify.so
7f3f3e267000-7f3f3e26e000 r-xp 00000000 08:04 529695                     /lib/x86_64-linux-gnu/librt-2.15.so
7f3f3e26e000-7f3f3e46d000 ---p 00007000 08:04 529695                     /lib/x86_64-linux-gnu/librt-2.15.so
7f3f3e46d000-7f3f3e46e000 r--p 00006000 08:04 529695                     /lib/x86_64-linux-gnu/librt-2.15.so
7f3f3e46e000-7f3f3e46f000 rw-p 00007000 08:04 529695                     /lib/x86_64-linux-gnu/librt-2.15.so
7f3f3e46f000-7f3f3e56a000 r-xp 00000000 08:04 529641                     /lib/x86_64-linux-gnu/libm-2.15.so
7f3f3e56a000-7f3f3e769000 ---p 000fb000 08:04 529641                     /lib/x86_64-linux-gnu/libm-2.15.so
7f3f3e769000-7f3f3e76a000 r--p 000fa000 08:04 529641                     /lib/x86_64-linux-gnu/libm-2.15.so
7f3f3e76a000-7f3f3e76b000 rw-p 000fb000 08:04 529641                     /lib/x86_64-linux-gnu/libm-2.15.so
7f3f3e76b000-7f3f3f2cd000 r-xp 00000000 08:04 448726                     /usr/lib/jvm/java-7-oracle/jre/lib/amd64/server/libjvm.so
7f3f3f2cd000-7f3f3f4cd000 ---p 00b62000 08:04 448726                     /usr/lib/jvm/java-7-oracle/jre/lib/amd64/server/libjvm.so
7f3f3f4cd000-7f3f3f590000 rw-p 00b62000 08:04 448726                     /usr/lib/jvm/java-7-oracle/jre/lib/amd64/server/libjvm.so
7f3f3f590000-7f3f3f5d1000 rw-p 00000000 00:00 0 
7f3f3f5d1000-7f3f3f786000 r-xp 00000000 08:04 529609                     /lib/x86_64-linux-gnu/libc-2.15.so
7f3f3f786000-7f3f3f986000 ---p 001b5000 08:04 529609                     /lib/x86_64-linux-gnu/libc-2.15.so
7f3f3f986000-7f3f3f98a000 r--p 001b5000 08:04 529609                     /lib/x86_64-linux-gnu/libc-2.15.so
7f3f3f98a000-7f3f3f98c000 rw-p 001b9000 08:04 529609                     /lib/x86_64-linux-gnu/libc-2.15.so
7f3f3f98c000-7f3f3f991000 rw-p 00000000 00:00 0 
7f3f3f991000-7f3f3f993000 r-xp 00000000 08:04 529622                     /lib/x86_64-linux-gnu/libdl-2.15.so
7f3f3f993000-7f3f3fb93000 ---p 00002000 08:04 529622                     /lib/x86_64-linux-gnu/libdl-2.15.so
7f3f3fb93000-7f3f3fb94000 r--p 00002000 08:04 529622                     /lib/x86_64-linux-gnu/libdl-2.15.so
7f3f3fb94000-7f3f3fb95000 rw-p 00003000 08:04 529622                     /lib/x86_64-linux-gnu/libdl-2.15.so
7f3f3fb95000-7f3f3fbab000 r-xp 00000000 08:04 447809                     /usr/lib/jvm/java-7-oracle/lib/amd64/jli/libjli.so
7f3f3fbab000-7f3f3fdab000 ---p 00016000 08:04 447809                     /usr/lib/jvm/java-7-oracle/lib/amd64/jli/libjli.so
7f3f3fdab000-7f3f3fdac000 rw-p 00016000 08:04 447809                     /usr/lib/jvm/java-7-oracle/lib/amd64/jli/libjli.so
7f3f3fdac000-7f3f3fdc4000 r-xp 00000000 08:04 529689                     /lib/x86_64-linux-gnu/libpthread-2.15.so
7f3f3fdc4000-7f3f3ffc3000 ---p 00018000 08:04 529689                     /lib/x86_64-linux-gnu/libpthread-2.15.so
7f3f3ffc3000-7f3f3ffc4000 r--p 00017000 08:04 529689                     /lib/x86_64-linux-gnu/libpthread-2.15.so
7f3f3ffc4000-7f3f3ffc5000 rw-p 00018000 08:04 529689                     /lib/x86_64-linux-gnu/libpthread-2.15.so
7f3f3ffc5000-7f3f3ffc9000 rw-p 00000000 00:00 0 
7f3f3ffc9000-7f3f3ffeb000 r-xp 00000000 08:04 529589                     /lib/x86_64-linux-gnu/ld-2.15.so
7f3f3ffeb000-7f3f40004000 r--s 001df000 08:04 448582                     /usr/lib/jvm/java-7-oracle/jre/lib/deploy.jar
7f3f40004000-7f3f40008000 r--s 0008a000 08:04 448579                     /usr/lib/jvm/java-7-oracle/jre/lib/jsse.jar
7f3f40008000-7f3f40012000 rw-p 00000000 00:00 0 
7f3f40012000-7f3f400c8000 rw-p 00000000 00:00 0 
7f3f400c8000-7f3f400cb000 ---p 00000000 00:00 0 
7f3f400cb000-7f3f401cd000 rw-p 00000000 00:00 0                          [stack:3703]
7f3f401cd000-7f3f401cf000 r--s 00019000 08:04 448573                     /usr/lib/jvm/java-7-oracle/jre/lib/jce.jar
7f3f401cf000-7f3f401d8000 r--s 00251000 08:04 447957                     /usr/lib/jvm/java-7-oracle/jre/lib/resources.jar
7f3f401d8000-7f3f401df000 r--s 00000000 08:04 134933                     /usr/lib/x86_64-linux-gnu/gconv/gconv-modules.cache
7f3f401df000-7f3f401e7000 rw-s 00000000 08:04 11239                      /tmp/hsperfdata_charm/3702
7f3f401e7000-7f3f401e8000 rw-p 00000000 00:00 0 
7f3f401e8000-7f3f401e9000 r--p 00000000 00:00 0 
7f3f401e9000-7f3f401eb000 rw-p 00000000 00:00 0 
7f3f401eb000-7f3f401ec000 r--p 00022000 08:04 529589                     /lib/x86_64-linux-gnu/ld-2.15.so
7f3f401ec000-7f3f401ee000 rw-p 00023000 08:04 529589                     /lib/x86_64-linux-gnu/ld-2.15.so
7fffee63b000-7fffee65c000 rw-p 00000000 00:00 0                          [stack]
7fffee6e4000-7fffee6e6000 r-xp 00000000 00:00 0                          [vdso]
ffffffffff600000-ffffffffff601000 r-xp 00000000 00:00 0                  [vsyscall]

VM Arguments:
jvm_args: -agentlib:jdwp=transport=dt_socket,address=127.0.0.1:57074,suspend=y,server=n -Dfile.encoding=UTF-8 
java_command: com.company.Main
Launcher Type: SUN_STANDARD

Environment Variables:
JAVA_HOME=/usr/lib/jvm/java-7-oracle
CLASSPATH=/opt/intellij-idea-ce/bin/../lib/bootstrap.jar:/opt/intellij-idea-ce/bin/../lib/extensions.jar:/opt/intellij-idea-ce/bin/../lib/util.jar:/opt/intellij-idea-ce/bin/../lib/jdom.jar:/opt/intellij-idea-ce/bin/../lib/log4j.jar:/opt/intellij-idea-ce/bin/../lib/trove4j.jar:/opt/intellij-idea-ce/bin/../lib/jna.jar:/usr/lib/jvm/java-7-oracle/lib/tools.jar
PATH=/usr/lib/lightdm/lightdm:/usr/local/sbin:/usr/local/bin:/usr/sbin:/usr/bin:/sbin:/bin:/usr/games:/usr/lib/jvm/java-7-oracle/bin:/usr/lib/jvm/java-7-oracle/db/bin:/usr/lib/jvm/java-7-oracle/jre/bin
LD_LIBRARY_PATH=/opt/intellij-idea-ce/bin:
SHELL=/bin/bash
DISPLAY=:0

Signal Handlers:
SIGSEGV: [libjvm.so+0x993980], sa_mask[0]=0x7ffbfeff, sa_flags=0x10000004
SIGBUS: [libjvm.so+0x993980], sa_mask[0]=0x7ffbfeff, sa_flags=0x10000004
SIGFPE: [libjvm.so+0x8106e0], sa_mask[0]=0x7ffbfeff, sa_flags=0x10000004
SIGPIPE: [libjvm.so+0x8106e0], sa_mask[0]=0x7ffbfeff, sa_flags=0x10000004
SIGXFSZ: [libjvm.so+0x8106e0], sa_mask[0]=0x7ffbfeff, sa_flags=0x10000004
SIGILL: [libjvm.so+0x8106e0], sa_mask[0]=0x7ffbfeff, sa_flags=0x10000004
SIGUSR1: SIG_DFL, sa_mask[0]=0x00000000, sa_flags=0x00000000
SIGUSR2: [libjvm.so+0x811bd0], sa_mask[0]=0x00000004, sa_flags=0x10000004
SIGHUP: [libjvm.so+0x812b40], sa_mask[0]=0x7ffbfeff, sa_flags=0x10000004
SIGINT: [libjvm.so+0x812b40], sa_mask[0]=0x7ffbfeff, sa_flags=0x10000004
SIGTERM: [libjvm.so+0x812b40], sa_mask[0]=0x7ffbfeff, sa_flags=0x10000004
SIGQUIT: [libjvm.so+0x812b40], sa_mask[0]=0x7ffbfeff, sa_flags=0x10000004


---------------  S Y S T E M  ---------------

OS:wheezy/sid

uname:Linux 3.11.0-20-generic #35~precise1-Ubuntu SMP Fri May 2 21:32:55 UTC 2014 x86_64
libc:glibc 2.15 NPTL 2.15 
rlimit: STACK 8192k, CORE 0k, NPROC 63312, NOFILE 4096, AS infinity
load average:1,00 0,85 0,70

/proc/meminfo:
MemTotal:        8123212 kB
MemFree:         2979880 kB
Buffers:         1054836 kB
Cached:          2186468 kB
SwapCached:            0 kB
Active:          2618000 kB
Inactive:        2272248 kB
Active(anon):    1650556 kB
Inactive(anon):    13952 kB
Active(file):     967444 kB
Inactive(file):  2258296 kB
Unevictable:          92 kB
Mlocked:              92 kB
SwapTotal:       7812092 kB
SwapFree:        7812092 kB
Dirty:              7100 kB
Writeback:             0 kB
AnonPages:       1649256 kB
Mapped:           274228 kB
Shmem:             15200 kB
Slab:             122248 kB
SReclaimable:      83600 kB
SUnreclaim:        38648 kB
KernelStack:        6008 kB
PageTables:        37952 kB
NFS_Unstable:          0 kB
Bounce:                0 kB
WritebackTmp:          0 kB
CommitLimit:    11873696 kB
Committed_AS:    5643140 kB
VmallocTotal:   34359738367 kB
VmallocUsed:      140744 kB
VmallocChunk:   34359593468 kB
HardwareCorrupted:     0 kB
AnonHugePages:         0 kB
HugePages_Total:       0
HugePages_Free:        0
HugePages_Rsvd:        0
HugePages_Surp:        0
Hugepagesize:       2048 kB
DirectMap4k:       64336 kB
DirectMap2M:     8271872 kB


CPU:total 8 (4 cores per cpu, 2 threads per core) family 6 model 58 stepping 9, cmov, cx8, fxsr, mmx, sse, sse2, sse3, ssse3, sse4.1, sse4.2, popcnt, avx, aes, erms, ht, tsc, tscinvbit, tscinv

/proc/cpuinfo:
processor	: 0
vendor_id	: GenuineIntel
cpu family	: 6
model		: 58
model name	: Intel(R) Core(TM) i7-3770K CPU @ 3.50GHz
stepping	: 9
microcode	: 0x12
cpu MHz		: 1600.000
cache size	: 8192 KB
physical id	: 0
siblings	: 8
core id		: 0
cpu cores	: 4
apicid		: 0
initial apicid	: 0
fpu		: yes
fpu_exception	: yes
cpuid level	: 13
wp		: yes
flags		: fpu vme de pse tsc msr pae mce cx8 apic sep mtrr pge mca cmov pat pse36 clflush dts acpi mmx fxsr sse sse2 ss ht tm pbe syscall nx rdtscp lm constant_tsc arch_perfmon pebs bts rep_good nopl xtopology nonstop_tsc aperfmperf eagerfpu pni pclmulqdq dtes64 monitor ds_cpl vmx est tm2 ssse3 cx16 xtpr pdcm pcid sse4_1 sse4_2 popcnt tsc_deadline_timer aes xsave avx f16c rdrand lahf_lm ida arat epb xsaveopt pln pts dtherm tpr_shadow vnmi flexpriority ept vpid fsgsbase smep erms
bogomips	: 7000.39
clflush size	: 64
cache_alignment	: 64
address sizes	: 36 bits physical, 48 bits virtual
power management:

processor	: 1
vendor_id	: GenuineIntel
cpu family	: 6
model		: 58
model name	: Intel(R) Core(TM) i7-3770K CPU @ 3.50GHz
stepping	: 9
microcode	: 0x12
cpu MHz		: 1600.000
cache size	: 8192 KB
physical id	: 0
siblings	: 8
core id		: 1
cpu cores	: 4
apicid		: 2
initial apicid	: 2
fpu		: yes
fpu_exception	: yes
cpuid level	: 13
wp		: yes
flags		: fpu vme de pse tsc msr pae mce cx8 apic sep mtrr pge mca cmov pat pse36 clflush dts acpi mmx fxsr sse sse2 ss ht tm pbe syscall nx rdtscp lm constant_tsc arch_perfmon pebs bts rep_good nopl xtopology nonstop_tsc aperfmperf eagerfpu pni pclmulqdq dtes64 monitor ds_cpl vmx est tm2 ssse3 cx16 xtpr pdcm pcid sse4_1 sse4_2 popcnt tsc_deadline_timer aes xsave avx f16c rdrand lahf_lm ida arat epb xsaveopt pln pts dtherm tpr_shadow vnmi flexpriority ept vpid fsgsbase smep erms
bogomips	: 7000.39
clflush size	: 64
cache_alignment	: 64
address sizes	: 36 bits physical, 48 bits virtual
power management:

processor	: 2
vendor_id	: GenuineIntel
cpu family	: 6
model		: 58
model name	: Intel(R) Core(TM) i7-3770K CPU @ 3.50GHz
stepping	: 9
microcode	: 0x12
cpu MHz		: 1600.000
cache size	: 8192 KB
physical id	: 0
siblings	: 8
core id		: 2
cpu cores	: 4
apicid		: 4
initial apicid	: 4
fpu		: yes
fpu_exception	: yes
cpuid level	: 13
wp		: yes
flags		: fpu vme de pse tsc msr pae mce cx8 apic sep mtrr pge mca cmov pat pse36 clflush dts acpi mmx fxsr sse sse2 ss ht tm pbe syscall nx rdtscp lm constant_tsc arch_perfmon pebs bts rep_good nopl xtopology nonstop_tsc aperfmperf eagerfpu pni pclmulqdq dtes64 monitor ds_cpl vmx est tm2 ssse3 cx16 xtpr pdcm pcid sse4_1 sse4_2 popcnt tsc_deadline_timer aes xsave avx f16c rdrand lahf_lm ida arat epb xsaveopt pln pts dtherm tpr_shadow vnmi flexpriority ept vpid fsgsbase smep erms
bogomips	: 7000.39
clflush size	: 64
cache_alignment	: 64
address sizes	: 36 bits physical, 48 bits virtual
power management:

processor	: 3
vendor_id	: GenuineIntel
cpu family	: 6
model		: 58
model name	: Intel(R) Core(TM) i7-3770K CPU @ 3.50GHz
stepping	: 9
microcode	: 0x12
cpu MHz		: 3501.000
cache size	: 8192 KB
physical id	: 0
siblings	: 8
core id		: 3
cpu cores	: 4
apicid		: 6
initial apicid	: 6
fpu		: yes
fpu_exception	: yes
cpuid level	: 13
wp		: yes
flags		: fpu vme de pse tsc msr pae mce cx8 apic sep mtrr pge mca cmov pat pse36 clflush dts acpi mmx fxsr sse sse2 ss ht tm pbe syscall nx rdtscp lm constant_tsc arch_perfmon pebs bts rep_good nopl xtopology nonstop_tsc aperfmperf eagerfpu pni pclmulqdq dtes64 monitor ds_cpl vmx est tm2 ssse3 cx16 xtpr pdcm pcid sse4_1 sse4_2 popcnt tsc_deadline_timer aes xsave avx f16c rdrand lahf_lm ida arat epb xsaveopt pln pts dtherm tpr_shadow vnmi flexpriority ept vpid fsgsbase smep erms
bogomips	: 7000.39
clflush size	: 64
cache_alignment	: 64
address sizes	: 36 bits physical, 48 bits virtual
power management:

processor	: 4
vendor_id	: GenuineIntel
cpu family	: 6
model		: 58
model name	: Intel(R) Core(TM) i7-3770K CPU @ 3.50GHz
stepping	: 9
microcode	: 0x12
cpu MHz		: 1600.000
cache size	: 8192 KB
physical id	: 0
siblings	: 8
core id		: 0
cpu cores	: 4
apicid		: 1
initial apicid	: 1
fpu		: yes
fpu_exception	: yes
cpuid level	: 13
wp		: yes
flags		: fpu vme de pse tsc msr pae mce cx8 apic sep mtrr pge mca cmov pat pse36 clflush dts acpi mmx fxsr sse sse2 ss ht tm pbe syscall nx rdtscp lm constant_tsc arch_perfmon pebs bts rep_good nopl xtopology nonstop_tsc aperfmperf eagerfpu pni pclmulqdq dtes64 monitor ds_cpl vmx est tm2 ssse3 cx16 xtpr pdcm pcid sse4_1 sse4_2 popcnt tsc_deadline_timer aes xsave avx f16c rdrand lahf_lm ida arat epb xsaveopt pln pts dtherm tpr_shadow vnmi flexpriority ept vpid fsgsbase smep erms
bogomips	: 7000.39
clflush size	: 64
cache_alignment	: 64
address sizes	: 36 bits physical, 48 bits virtual
power management:

processor	: 5
vendor_id	: GenuineIntel
cpu family	: 6
model		: 58
model name	: Intel(R) Core(TM) i7-3770K CPU @ 3.50GHz
stepping	: 9
microcode	: 0x12
cpu MHz		: 1600.000
cache size	: 8192 KB
physical id	: 0
siblings	: 8
core id		: 1
cpu cores	: 4
apicid		: 3
initial apicid	: 3
fpu		: yes
fpu_exception	: yes
cpuid level	: 13
wp		: yes
flags		: fpu vme de pse tsc msr pae mce cx8 apic sep mtrr pge mca cmov pat pse36 clflush dts acpi mmx fxsr sse sse2 ss ht tm pbe syscall nx rdtscp lm constant_tsc arch_perfmon pebs bts rep_good nopl xtopology nonstop_tsc aperfmperf eagerfpu pni pclmulqdq dtes64 monitor ds_cpl vmx est tm2 ssse3 cx16 xtpr pdcm pcid sse4_1 sse4_2 popcnt tsc_deadline_timer aes xsave avx f16c rdrand lahf_lm ida arat epb xsaveopt pln pts dtherm tpr_shadow vnmi flexpriority ept vpid fsgsbase smep erms
bogomips	: 7000.39
clflush size	: 64
cache_alignment	: 64
address sizes	: 36 bits physical, 48 bits virtual
power management:

processor	: 6
vendor_id	: GenuineIntel
cpu family	: 6
model		: 58
model name	: Intel(R) Core(TM) i7-3770K CPU @ 3.50GHz
stepping	: 9
microcode	: 0x12
cpu MHz		: 1600.000
cache size	: 8192 KB
physical id	: 0
siblings	: 8
core id		: 2
cpu cores	: 4
apicid		: 5
initial apicid	: 5
fpu		: yes
fpu_exception	: yes
cpuid level	: 13
wp		: yes
flags		: fpu vme de pse tsc msr pae mce cx8 apic sep mtrr pge mca cmov pat pse36 clflush dts acpi mmx fxsr sse sse2 ss ht tm pbe syscall nx rdtscp lm constant_tsc arch_perfmon pebs bts rep_good nopl xtopology nonstop_tsc aperfmperf eagerfpu pni pclmulqdq dtes64 monitor ds_cpl vmx est tm2 ssse3 cx16 xtpr pdcm pcid sse4_1 sse4_2 popcnt tsc_deadline_timer aes xsave avx f16c rdrand lahf_lm ida arat epb xsaveopt pln pts dtherm tpr_shadow vnmi flexpriority ept vpid fsgsbase smep erms
bogomips	: 7000.39
clflush size	: 64
cache_alignment	: 64
address sizes	: 36 bits physical, 48 bits virtual
power management:

processor	: 7
vendor_id	: GenuineIntel
cpu family	: 6
model		: 58
model name	: Intel(R) Core(TM) i7-3770K CPU @ 3.50GHz
stepping	: 9
microcode	: 0x12
cpu MHz		: 3501.000
cache size	: 8192 KB
physical id	: 0
siblings	: 8
core id		: 3
cpu cores	: 4
apicid		: 7
initial apicid	: 7
fpu		: yes
fpu_exception	: yes
cpuid level	: 13
wp		: yes
flags		: fpu vme de pse tsc msr pae mce cx8 apic sep mtrr pge mca cmov pat pse36 clflush dts acpi mmx fxsr sse sse2 ss ht tm pbe syscall nx rdtscp lm constant_tsc arch_perfmon pebs bts rep_good nopl xtopology nonstop_tsc aperfmperf eagerfpu pni pclmulqdq dtes64 monitor ds_cpl vmx est tm2 ssse3 cx16 xtpr pdcm pcid sse4_1 sse4_2 popcnt tsc_deadline_timer aes xsave avx f16c rdrand lahf_lm ida arat epb xsaveopt pln pts dtherm tpr_shadow vnmi flexpriority ept vpid fsgsbase smep erms
bogomips	: 7000.39
clflush size	: 64
cache_alignment	: 64
address sizes	: 36 bits physical, 48 bits virtual
power management:



Memory: 4k page, physical 8123212k(2979880k free), swap 7812092k(7812092k free)

vm_info: Java HotSpot(TM) 64-Bit Server VM (24.55-b03) for linux-amd64 JRE (1.7.0_55-b13), built on Mar 17 2014 19:43:58 by "java_re" with gcc 4.3.0 20080428 (Red Hat 4.3.0-8)

time: Wed May 21 02:35:10 2014
elapsed time: 114 seconds

